<?xml version="1.0" encoding="UTF-8"?>
<robot generator="Robot 4.0 (Python 3.9.9 on darwin)" generated="20211226 23:20:11.612" rpa="false" schemaversion="2">
<suite id="s1" name="Main" source="/Users/user/Documents/RobotAxeLibrary/main.robot">
<test id="s1-t1" name="Check for specifics tags">
<kw name="Open Browser" library="SeleniumLibrary">
<arg>https://retrospective-twitter.web.app/</arg>
<arg>chrome</arg>
<doc>Opens a new browser instance to the optional ``url``.</doc>
<msg timestamp="20211226 23:20:11.842" level="INFO">Opening browser 'chrome' to base url 'https://retrospective-twitter.web.app/'.</msg>
<status status="PASS" starttime="20211226 23:20:11.841" endtime="20211226 23:20:15.219"/>
</kw>
<kw name="Wait Until Page Contains" library="SeleniumLibrary">
<arg>Faça o login com a sua conta do twitter</arg>
<doc>Waits until ``text`` appears on the current page.</doc>
<status status="PASS" starttime="20211226 23:20:15.220" endtime="20211226 23:20:15.231"/>
</kw>
<kw name="Check For Accessibility Issues" library="AxeLibrary">
<arg>tags</arg>
<arg>${specific_one_tag_a11y}</arg>
<arg>None</arg>
<arg>None</arg>
<arg>None</arg>
<arg>report_accessibility.json</arg>
<doc>Executes accessibility tests in the current page and write the issues into the file pass in report_file variable. Return report, results and self.result
With this keyword you can pass the type of issues, rules and wcag levels you want to search, also you can filter out specific elements from the page</doc>
<msg timestamp="20211226 23:20:15.285" level="INFO">Searching for accesibility issues with options: ['wcag2a']</msg>
<status status="PASS" starttime="20211226 23:20:15.231" endtime="20211226 23:20:15.442"/>
</kw>
<kw name="Should Not Exceed Maximum Issues" library="AxeLibrary">
<arg>1</arg>
<doc>Return an error if count_issues &gt; maxAcceptableIssues</doc>
<msg timestamp="20211226 23:20:15.442" level="INFO">You have 0 issues</msg>
<status status="PASS" starttime="20211226 23:20:15.442" endtime="20211226 23:20:15.442"/>
</kw>
<kw name="Close All Browsers" library="SeleniumLibrary" type="TEARDOWN">
<doc>Closes all open browsers and resets the browser cache.</doc>
<status status="PASS" starttime="20211226 23:20:15.443" endtime="20211226 23:20:16.522"/>
</kw>
<status status="PASS" starttime="20211226 23:20:11.840" endtime="20211226 23:20:16.522"/>
</test>
<test id="s1-t2" name="Check for other rules">
<kw name="Open Browser" library="SeleniumLibrary">
<arg>https://retrospective-twitter.web.app/</arg>
<arg>chrome</arg>
<doc>Opens a new browser instance to the optional ``url``.</doc>
<msg timestamp="20211226 23:20:16.524" level="INFO">Opening browser 'chrome' to base url 'https://retrospective-twitter.web.app/'.</msg>
<status status="PASS" starttime="20211226 23:20:16.524" endtime="20211226 23:20:19.811"/>
</kw>
<kw name="Wait Until Page Contains" library="SeleniumLibrary">
<arg>Faça o login com a sua conta do twitter</arg>
<doc>Waits until ``text`` appears on the current page.</doc>
<status status="PASS" starttime="20211226 23:20:19.811" endtime="20211226 23:20:19.825"/>
</kw>
<kw name="Check For Accessibility Issues" library="AxeLibrary">
<arg>None</arg>
<arg>None</arg>
<arg>${DICTIONARY}</arg>
<arg>None</arg>
<arg>None</arg>
<arg>report_accessibility.json</arg>
<doc>Executes accessibility tests in the current page and write the issues into the file pass in report_file variable. Return report, results and self.result
With this keyword you can pass the type of issues, rules and wcag levels you want to search, also you can filter out specific elements from the page</doc>
<status status="PASS" starttime="20211226 23:20:19.825" endtime="20211226 23:20:20.057"/>
</kw>
<kw name="Should Not Exceed Maximum Issues" library="AxeLibrary">
<arg>1</arg>
<doc>Return an error if count_issues &gt; maxAcceptableIssues</doc>
<msg timestamp="20211226 23:20:20.058" level="INFO">You have 3 issues</msg>
<msg timestamp="20211226 23:20:20.058" level="INFO" html="true">
                    &lt;style&gt;
                        #demo table, #demo th, #demo td{
                            border: 1px dotted black;
                            border-collapse: collapse;
                            table-layout: auto;
                        }
                    &lt;/style&gt;
                
                 &lt;table id="demo" style="width:100%"&gt;
                    &lt;tr&gt;
                        &lt;th style="width:10%"&gt;Violation id&lt;/th&gt;
                        &lt;th style="width:50%"&gt;Violation&lt;/th&gt;
                        &lt;th style="width:5%"&gt;How to fix&lt;/th&gt;
                        &lt;th style="width:7%"&gt;Impact&lt;/th&gt;
                        &lt;th&gt;Tags&lt;/th&gt;
                    &lt;/tr&gt;
                    &lt;tr&gt;
                        &lt;td style="text-align:center"&gt;color-contrast&lt;/td&gt;
                        &lt;td&gt;Ensures the contrast between foreground and background colors meets WCAG 2 AA contrast ratio thresholds&lt;/td&gt;
                        &lt;td style="text-align:center"&gt;&lt;a href="https://dequeuniversity.com/rules/axe/3.1/color-contrast?application=axeAPI"&gt;Link&lt;/a&gt;&lt;/td&gt;
                        &lt;td style="text-align:center"&gt;serious&lt;/td&gt;
                        &lt;td style="text-align:center"&gt;['cat.color', 'wcag2aa', 'wcag143']&lt;/td&gt;
                    &lt;/tr&gt;
                &lt;/table&gt;
                </msg>
<msg timestamp="20211226 23:20:20.058" level="INFO" html="true">
                        &lt;style&gt;
                            #demo table, #demo th, #demo td{
                                border: 1px dotted black;
                                border-collapse: collapse;
                                table-layout: auto;
                            }
                        &lt;/style&gt;
                    
                    &lt;table id="demo" style="width:100%"&gt;
                        &lt;tr&gt;
                            &lt;th style="width:10%"&gt;Violation id&lt;/th&gt;
                            &lt;th&gt;Issue&lt;/th&gt;
                            &lt;th style="width:20%"&gt;html&lt;/th&gt;
                            &lt;th style="width:20%"&gt;target&lt;/th&gt;
                        &lt;/tr&gt;
                        &lt;tr&gt;
                            &lt;td style="text-align:center"&gt;color-contrast&lt;/td&gt;
                            &lt;td&gt;Element has insufficient color contrast of 3.28 (foreground color: #5658dd, background color: #151719, font size: 15.0pt, font weight: normal). Expected contrast ratio of 4.5:1&lt;/td&gt;
                            &lt;td&gt;&amp;lt;span class="text-color-primary"&amp;gt; modo público (não pode estar fechado)&amp;lt;/span&amp;gt;&lt;/td&gt;
                            &lt;td&gt;.mb-32.m-0:nth-child(1) &gt; .text-color-primary&lt;/td&gt;
                        &lt;/tr&gt;
                    &lt;/table&gt;
                    </msg>
<msg timestamp="20211226 23:20:20.058" level="INFO" html="true">
                        &lt;style&gt;
                            #demo table, #demo th, #demo td{
                                border: 1px dotted black;
                                border-collapse: collapse;
                                table-layout: auto;
                            }
                        &lt;/style&gt;
                    
                    &lt;table id="demo" style="width:100%"&gt;
                        &lt;tr&gt;
                            &lt;th style="width:10%"&gt;Violation id&lt;/th&gt;
                            &lt;th&gt;Issue&lt;/th&gt;
                            &lt;th style="width:20%"&gt;html&lt;/th&gt;
                            &lt;th style="width:20%"&gt;target&lt;/th&gt;
                        &lt;/tr&gt;
                        &lt;tr&gt;
                            &lt;td style="text-align:center"&gt;color-contrast&lt;/td&gt;
                            &lt;td&gt;Element has insufficient color contrast of 3.77 (foreground color: #eceded, background color: #6163ff, font size: 12.0pt, font weight: bold). Expected contrast ratio of 4.5:1&lt;/td&gt;
                            &lt;td&gt;&amp;lt;a class="button button-primary button-wide-mobile"&amp;gt;Fazer Login com Twitter&amp;lt;/a&amp;gt;&lt;/td&gt;
                            &lt;td&gt;.button-wide-mobile&lt;/td&gt;
                        &lt;/tr&gt;
                    &lt;/table&gt;
                    </msg>
<msg timestamp="20211226 23:20:20.058" level="INFO" html="true">
                        &lt;style&gt;
                            #demo table, #demo th, #demo td{
                                border: 1px dotted black;
                                border-collapse: collapse;
                                table-layout: auto;
                            }
                        &lt;/style&gt;
                    
                    &lt;table id="demo" style="width:100%"&gt;
                        &lt;tr&gt;
                            &lt;th style="width:10%"&gt;Violation id&lt;/th&gt;
                            &lt;th&gt;Issue&lt;/th&gt;
                            &lt;th style="width:20%"&gt;html&lt;/th&gt;
                            &lt;th style="width:20%"&gt;target&lt;/th&gt;
                        &lt;/tr&gt;
                        &lt;tr&gt;
                            &lt;td style="text-align:center"&gt;color-contrast&lt;/td&gt;
                            &lt;td&gt;Element has insufficient color contrast of 3.77 (foreground color: #eceded, background color: #6163ff, font size: 12.0pt, font weight: bold). Expected contrast ratio of 4.5:1&lt;/td&gt;
                            &lt;td&gt;&amp;lt;a href="/doar" class="button button-primary"&amp;gt;DOAR&amp;lt;/a&amp;gt;&lt;/td&gt;
                            &lt;td&gt;.button.button-primary[href$="doar"]&lt;/td&gt;
                        &lt;/tr&gt;
                    &lt;/table&gt;
                    </msg>
<msg timestamp="20211226 23:20:20.061" level="FAIL">You have 3 issues and you just accept 1</msg>
<status status="FAIL" starttime="20211226 23:20:20.058" endtime="20211226 23:20:20.061"/>
</kw>
<kw name="Close All Browsers" library="SeleniumLibrary" type="TEARDOWN">
<doc>Closes all open browsers and resets the browser cache.</doc>
<status status="PASS" starttime="20211226 23:20:20.061" endtime="20211226 23:20:21.141"/>
</kw>
<status status="FAIL" starttime="20211226 23:20:16.523" endtime="20211226 23:20:21.142">You have 3 issues and you just accept 1</status>
</test>
<test id="s1-t3" name="Default Check Pass">
<kw name="Open Browser" library="SeleniumLibrary">
<arg>https://retrospective-twitter.web.app/</arg>
<arg>chrome</arg>
<doc>Opens a new browser instance to the optional ``url``.</doc>
<msg timestamp="20211226 23:20:21.143" level="INFO">Opening browser 'chrome' to base url 'https://retrospective-twitter.web.app/'.</msg>
<status status="PASS" starttime="20211226 23:20:21.143" endtime="20211226 23:20:24.465"/>
</kw>
<kw name="Wait Until Page Contains" library="SeleniumLibrary">
<arg>Faça o login com a sua conta do twitter</arg>
<doc>Waits until ``text`` appears on the current page.</doc>
<status status="PASS" starttime="20211226 23:20:24.466" endtime="20211226 23:20:24.478"/>
</kw>
<kw name="Check For Accessibility Issues" library="AxeLibrary">
<arg>None</arg>
<arg>None</arg>
<arg>None</arg>
<arg>None</arg>
<arg>None</arg>
<arg>report_accessibility.json</arg>
<doc>Executes accessibility tests in the current page and write the issues into the file pass in report_file variable. Return report, results and self.result
With this keyword you can pass the type of issues, rules and wcag levels you want to search, also you can filter out specific elements from the page</doc>
<status status="PASS" starttime="20211226 23:20:24.478" endtime="20211226 23:20:24.716"/>
</kw>
<kw name="Should Not Exceed Maximum Issues" library="AxeLibrary">
<arg>4</arg>
<doc>Return an error if count_issues &gt; maxAcceptableIssues</doc>
<msg timestamp="20211226 23:20:24.716" level="INFO">You have 3 issues</msg>
<msg timestamp="20211226 23:20:24.716" level="INFO" html="true">
                    &lt;style&gt;
                        #demo table, #demo th, #demo td{
                            border: 1px dotted black;
                            border-collapse: collapse;
                            table-layout: auto;
                        }
                    &lt;/style&gt;
                
                 &lt;table id="demo" style="width:100%"&gt;
                    &lt;tr&gt;
                        &lt;th style="width:10%"&gt;Violation id&lt;/th&gt;
                        &lt;th style="width:50%"&gt;Violation&lt;/th&gt;
                        &lt;th style="width:5%"&gt;How to fix&lt;/th&gt;
                        &lt;th style="width:7%"&gt;Impact&lt;/th&gt;
                        &lt;th&gt;Tags&lt;/th&gt;
                    &lt;/tr&gt;
                    &lt;tr&gt;
                        &lt;td style="text-align:center"&gt;color-contrast&lt;/td&gt;
                        &lt;td&gt;Ensures the contrast between foreground and background colors meets WCAG 2 AA contrast ratio thresholds&lt;/td&gt;
                        &lt;td style="text-align:center"&gt;&lt;a href="https://dequeuniversity.com/rules/axe/3.1/color-contrast?application=axeAPI"&gt;Link&lt;/a&gt;&lt;/td&gt;
                        &lt;td style="text-align:center"&gt;serious&lt;/td&gt;
                        &lt;td style="text-align:center"&gt;['cat.color', 'wcag2aa', 'wcag143']&lt;/td&gt;
                    &lt;/tr&gt;
                &lt;/table&gt;
                </msg>
<msg timestamp="20211226 23:20:24.716" level="INFO" html="true">
                        &lt;style&gt;
                            #demo table, #demo th, #demo td{
                                border: 1px dotted black;
                                border-collapse: collapse;
                                table-layout: auto;
                            }
                        &lt;/style&gt;
                    
                    &lt;table id="demo" style="width:100%"&gt;
                        &lt;tr&gt;
                            &lt;th style="width:10%"&gt;Violation id&lt;/th&gt;
                            &lt;th&gt;Issue&lt;/th&gt;
                            &lt;th style="width:20%"&gt;html&lt;/th&gt;
                            &lt;th style="width:20%"&gt;target&lt;/th&gt;
                        &lt;/tr&gt;
                        &lt;tr&gt;
                            &lt;td style="text-align:center"&gt;color-contrast&lt;/td&gt;
                            &lt;td&gt;Element has insufficient color contrast of 3.28 (foreground color: #5658dd, background color: #151719, font size: 15.0pt, font weight: normal). Expected contrast ratio of 4.5:1&lt;/td&gt;
                            &lt;td&gt;&amp;lt;span class="text-color-primary"&amp;gt; modo público (não pode estar fechado)&amp;lt;/span&amp;gt;&lt;/td&gt;
                            &lt;td&gt;.mb-32.m-0:nth-child(1) &gt; .text-color-primary&lt;/td&gt;
                        &lt;/tr&gt;
                    &lt;/table&gt;
                    </msg>
<msg timestamp="20211226 23:20:24.717" level="INFO" html="true">
                        &lt;style&gt;
                            #demo table, #demo th, #demo td{
                                border: 1px dotted black;
                                border-collapse: collapse;
                                table-layout: auto;
                            }
                        &lt;/style&gt;
                    
                    &lt;table id="demo" style="width:100%"&gt;
                        &lt;tr&gt;
                            &lt;th style="width:10%"&gt;Violation id&lt;/th&gt;
                            &lt;th&gt;Issue&lt;/th&gt;
                            &lt;th style="width:20%"&gt;html&lt;/th&gt;
                            &lt;th style="width:20%"&gt;target&lt;/th&gt;
                        &lt;/tr&gt;
                        &lt;tr&gt;
                            &lt;td style="text-align:center"&gt;color-contrast&lt;/td&gt;
                            &lt;td&gt;Element has insufficient color contrast of 3.77 (foreground color: #eceded, background color: #6163ff, font size: 12.0pt, font weight: bold). Expected contrast ratio of 4.5:1&lt;/td&gt;
                            &lt;td&gt;&amp;lt;a class="button button-primary button-wide-mobile"&amp;gt;Fazer Login com Twitter&amp;lt;/a&amp;gt;&lt;/td&gt;
                            &lt;td&gt;.button-wide-mobile&lt;/td&gt;
                        &lt;/tr&gt;
                    &lt;/table&gt;
                    </msg>
<msg timestamp="20211226 23:20:24.717" level="INFO" html="true">
                        &lt;style&gt;
                            #demo table, #demo th, #demo td{
                                border: 1px dotted black;
                                border-collapse: collapse;
                                table-layout: auto;
                            }
                        &lt;/style&gt;
                    
                    &lt;table id="demo" style="width:100%"&gt;
                        &lt;tr&gt;
                            &lt;th style="width:10%"&gt;Violation id&lt;/th&gt;
                            &lt;th&gt;Issue&lt;/th&gt;
                            &lt;th style="width:20%"&gt;html&lt;/th&gt;
                            &lt;th style="width:20%"&gt;target&lt;/th&gt;
                        &lt;/tr&gt;
                        &lt;tr&gt;
                            &lt;td style="text-align:center"&gt;color-contrast&lt;/td&gt;
                            &lt;td&gt;Element has insufficient color contrast of 3.77 (foreground color: #eceded, background color: #6163ff, font size: 12.0pt, font weight: bold). Expected contrast ratio of 4.5:1&lt;/td&gt;
                            &lt;td&gt;&amp;lt;a href="/doar" class="button button-primary"&amp;gt;DOAR&amp;lt;/a&amp;gt;&lt;/td&gt;
                            &lt;td&gt;.button.button-primary[href$="doar"]&lt;/td&gt;
                        &lt;/tr&gt;
                    &lt;/table&gt;
                    </msg>
<status status="PASS" starttime="20211226 23:20:24.716" endtime="20211226 23:20:24.717"/>
</kw>
<kw name="Close All Browsers" library="SeleniumLibrary" type="TEARDOWN">
<doc>Closes all open browsers and resets the browser cache.</doc>
<status status="PASS" starttime="20211226 23:20:24.717" endtime="20211226 23:20:25.795"/>
</kw>
<status status="PASS" starttime="20211226 23:20:21.142" endtime="20211226 23:20:25.796"/>
</test>
<test id="s1-t4" name="Default Check Fail">
<kw name="Open Browser" library="SeleniumLibrary">
<arg>https://retrospective-twitter.web.app/</arg>
<arg>chrome</arg>
<doc>Opens a new browser instance to the optional ``url``.</doc>
<msg timestamp="20211226 23:20:25.797" level="INFO">Opening browser 'chrome' to base url 'https://retrospective-twitter.web.app/'.</msg>
<status status="PASS" starttime="20211226 23:20:25.797" endtime="20211226 23:20:28.848"/>
</kw>
<kw name="Wait Until Page Contains" library="SeleniumLibrary">
<arg>Faça o login com a sua conta do twitter</arg>
<doc>Waits until ``text`` appears on the current page.</doc>
<status status="PASS" starttime="20211226 23:20:28.849" endtime="20211226 23:20:28.864"/>
</kw>
<kw name="Check For Accessibility Issues" library="AxeLibrary">
<arg>None</arg>
<arg>None</arg>
<arg>None</arg>
<arg>None</arg>
<arg>None</arg>
<arg>report_accessibility.json</arg>
<doc>Executes accessibility tests in the current page and write the issues into the file pass in report_file variable. Return report, results and self.result
With this keyword you can pass the type of issues, rules and wcag levels you want to search, also you can filter out specific elements from the page</doc>
<status status="PASS" starttime="20211226 23:20:28.864" endtime="20211226 23:20:29.093"/>
</kw>
<kw name="Should Not Exceed Maximum Issues" library="AxeLibrary">
<arg>1</arg>
<doc>Return an error if count_issues &gt; maxAcceptableIssues</doc>
<msg timestamp="20211226 23:20:29.093" level="INFO">You have 3 issues</msg>
<msg timestamp="20211226 23:20:29.093" level="INFO" html="true">
                    &lt;style&gt;
                        #demo table, #demo th, #demo td{
                            border: 1px dotted black;
                            border-collapse: collapse;
                            table-layout: auto;
                        }
                    &lt;/style&gt;
                
                 &lt;table id="demo" style="width:100%"&gt;
                    &lt;tr&gt;
                        &lt;th style="width:10%"&gt;Violation id&lt;/th&gt;
                        &lt;th style="width:50%"&gt;Violation&lt;/th&gt;
                        &lt;th style="width:5%"&gt;How to fix&lt;/th&gt;
                        &lt;th style="width:7%"&gt;Impact&lt;/th&gt;
                        &lt;th&gt;Tags&lt;/th&gt;
                    &lt;/tr&gt;
                    &lt;tr&gt;
                        &lt;td style="text-align:center"&gt;color-contrast&lt;/td&gt;
                        &lt;td&gt;Ensures the contrast between foreground and background colors meets WCAG 2 AA contrast ratio thresholds&lt;/td&gt;
                        &lt;td style="text-align:center"&gt;&lt;a href="https://dequeuniversity.com/rules/axe/3.1/color-contrast?application=axeAPI"&gt;Link&lt;/a&gt;&lt;/td&gt;
                        &lt;td style="text-align:center"&gt;serious&lt;/td&gt;
                        &lt;td style="text-align:center"&gt;['cat.color', 'wcag2aa', 'wcag143']&lt;/td&gt;
                    &lt;/tr&gt;
                &lt;/table&gt;
                </msg>
<msg timestamp="20211226 23:20:29.093" level="INFO" html="true">
                        &lt;style&gt;
                            #demo table, #demo th, #demo td{
                                border: 1px dotted black;
                                border-collapse: collapse;
                                table-layout: auto;
                            }
                        &lt;/style&gt;
                    
                    &lt;table id="demo" style="width:100%"&gt;
                        &lt;tr&gt;
                            &lt;th style="width:10%"&gt;Violation id&lt;/th&gt;
                            &lt;th&gt;Issue&lt;/th&gt;
                            &lt;th style="width:20%"&gt;html&lt;/th&gt;
                            &lt;th style="width:20%"&gt;target&lt;/th&gt;
                        &lt;/tr&gt;
                        &lt;tr&gt;
                            &lt;td style="text-align:center"&gt;color-contrast&lt;/td&gt;
                            &lt;td&gt;Element has insufficient color contrast of 3.28 (foreground color: #5658dd, background color: #151719, font size: 15.0pt, font weight: normal). Expected contrast ratio of 4.5:1&lt;/td&gt;
                            &lt;td&gt;&amp;lt;span class="text-color-primary"&amp;gt; modo público (não pode estar fechado)&amp;lt;/span&amp;gt;&lt;/td&gt;
                            &lt;td&gt;.mb-32.m-0:nth-child(1) &gt; .text-color-primary&lt;/td&gt;
                        &lt;/tr&gt;
                    &lt;/table&gt;
                    </msg>
<msg timestamp="20211226 23:20:29.093" level="INFO" html="true">
                        &lt;style&gt;
                            #demo table, #demo th, #demo td{
                                border: 1px dotted black;
                                border-collapse: collapse;
                                table-layout: auto;
                            }
                        &lt;/style&gt;
                    
                    &lt;table id="demo" style="width:100%"&gt;
                        &lt;tr&gt;
                            &lt;th style="width:10%"&gt;Violation id&lt;/th&gt;
                            &lt;th&gt;Issue&lt;/th&gt;
                            &lt;th style="width:20%"&gt;html&lt;/th&gt;
                            &lt;th style="width:20%"&gt;target&lt;/th&gt;
                        &lt;/tr&gt;
                        &lt;tr&gt;
                            &lt;td style="text-align:center"&gt;color-contrast&lt;/td&gt;
                            &lt;td&gt;Element has insufficient color contrast of 3.77 (foreground color: #eceded, background color: #6163ff, font size: 12.0pt, font weight: bold). Expected contrast ratio of 4.5:1&lt;/td&gt;
                            &lt;td&gt;&amp;lt;a class="button button-primary button-wide-mobile"&amp;gt;Fazer Login com Twitter&amp;lt;/a&amp;gt;&lt;/td&gt;
                            &lt;td&gt;.button-wide-mobile&lt;/td&gt;
                        &lt;/tr&gt;
                    &lt;/table&gt;
                    </msg>
<msg timestamp="20211226 23:20:29.093" level="INFO" html="true">
                        &lt;style&gt;
                            #demo table, #demo th, #demo td{
                                border: 1px dotted black;
                                border-collapse: collapse;
                                table-layout: auto;
                            }
                        &lt;/style&gt;
                    
                    &lt;table id="demo" style="width:100%"&gt;
                        &lt;tr&gt;
                            &lt;th style="width:10%"&gt;Violation id&lt;/th&gt;
                            &lt;th&gt;Issue&lt;/th&gt;
                            &lt;th style="width:20%"&gt;html&lt;/th&gt;
                            &lt;th style="width:20%"&gt;target&lt;/th&gt;
                        &lt;/tr&gt;
                        &lt;tr&gt;
                            &lt;td style="text-align:center"&gt;color-contrast&lt;/td&gt;
                            &lt;td&gt;Element has insufficient color contrast of 3.77 (foreground color: #eceded, background color: #6163ff, font size: 12.0pt, font weight: bold). Expected contrast ratio of 4.5:1&lt;/td&gt;
                            &lt;td&gt;&amp;lt;a href="/doar" class="button button-primary"&amp;gt;DOAR&amp;lt;/a&amp;gt;&lt;/td&gt;
                            &lt;td&gt;.button.button-primary[href$="doar"]&lt;/td&gt;
                        &lt;/tr&gt;
                    &lt;/table&gt;
                    </msg>
<msg timestamp="20211226 23:20:29.094" level="FAIL">You have 3 issues and you just accept 1</msg>
<status status="FAIL" starttime="20211226 23:20:29.093" endtime="20211226 23:20:29.094"/>
</kw>
<kw name="Close All Browsers" library="SeleniumLibrary" type="TEARDOWN">
<doc>Closes all open browsers and resets the browser cache.</doc>
<status status="PASS" starttime="20211226 23:20:29.094" endtime="20211226 23:20:30.173"/>
</kw>
<status status="FAIL" starttime="20211226 23:20:25.796" endtime="20211226 23:20:30.173">You have 3 issues and you just accept 1</status>
</test>
<test id="s1-t5" name="Ignore targets">
<kw name="Open Browser" library="SeleniumLibrary">
<arg>https://retrospective-twitter.web.app/</arg>
<arg>chrome</arg>
<doc>Opens a new browser instance to the optional ``url``.</doc>
<msg timestamp="20211226 23:20:30.174" level="INFO">Opening browser 'chrome' to base url 'https://retrospective-twitter.web.app/'.</msg>
<status status="PASS" starttime="20211226 23:20:30.174" endtime="20211226 23:20:33.206"/>
</kw>
<kw name="Wait Until Page Contains" library="SeleniumLibrary">
<arg>Faça o login com a sua conta do twitter</arg>
<doc>Waits until ``text`` appears on the current page.</doc>
<status status="PASS" starttime="20211226 23:20:33.207" endtime="20211226 23:20:33.220"/>
</kw>
<kw name="Log" library="BuiltIn">
<arg>${ignore_targets}</arg>
<doc>Logs the given message with the given level.</doc>
<msg timestamp="20211226 23:20:33.220" level="INFO">['.mb-32.m-0:nth-child(1) &gt; .text-color-primary', '.button-wide-mobile', '.button.button-primary[href$="doar"]']</msg>
<status status="PASS" starttime="20211226 23:20:33.220" endtime="20211226 23:20:33.220"/>
</kw>
<kw name="Check For Accessibility Issues" library="AxeLibrary">
<arg>None</arg>
<arg>None</arg>
<arg>None</arg>
<arg>${ignore_targets}</arg>
<arg>None</arg>
<arg>report_accessibility.json</arg>
<doc>Executes accessibility tests in the current page and write the issues into the file pass in report_file variable. Return report, results and self.result
With this keyword you can pass the type of issues, rules and wcag levels you want to search, also you can filter out specific elements from the page</doc>
<msg timestamp="20211226 23:20:33.221" level="INFO">Ignoring elements target: ['.mb-32.m-0:nth-child(1) &gt; .text-color-primary', '.button-wide-mobile', '.button.button-primary[href$="doar"]']</msg>
<status status="PASS" starttime="20211226 23:20:33.221" endtime="20211226 23:20:33.448"/>
</kw>
<kw name="Should Not Exceed Maximum Issues" library="AxeLibrary">
<arg>2</arg>
<doc>Return an error if count_issues &gt; maxAcceptableIssues</doc>
<msg timestamp="20211226 23:20:33.448" level="INFO">You have 0 issues</msg>
<status status="PASS" starttime="20211226 23:20:33.448" endtime="20211226 23:20:33.448"/>
</kw>
<kw name="Close All Browsers" library="SeleniumLibrary" type="TEARDOWN">
<doc>Closes all open browsers and resets the browser cache.</doc>
<status status="PASS" starttime="20211226 23:20:33.448" endtime="20211226 23:20:34.539"/>
</kw>
<status status="PASS" starttime="20211226 23:20:30.173" endtime="20211226 23:20:34.539"/>
</test>
<test id="s1-t6" name="Ignore htmls">
<kw name="Open Browser" library="SeleniumLibrary">
<arg>https://retrospective-twitter.web.app/</arg>
<arg>chrome</arg>
<doc>Opens a new browser instance to the optional ``url``.</doc>
<msg timestamp="20211226 23:20:34.540" level="INFO">Opening browser 'chrome' to base url 'https://retrospective-twitter.web.app/'.</msg>
<status status="PASS" starttime="20211226 23:20:34.540" endtime="20211226 23:20:37.410"/>
</kw>
<kw name="Wait Until Page Contains" library="SeleniumLibrary">
<arg>Faça o login com a sua conta do twitter</arg>
<doc>Waits until ``text`` appears on the current page.</doc>
<status status="PASS" starttime="20211226 23:20:37.411" endtime="20211226 23:20:37.423"/>
</kw>
<kw name="Log" library="BuiltIn">
<arg>${ignore_htmls}</arg>
<doc>Logs the given message with the given level.</doc>
<msg timestamp="20211226 23:20:37.424" level="INFO">['&lt;a href="/doar" class="button button-primary"&gt;DOAR&lt;/a&gt;']</msg>
<status status="PASS" starttime="20211226 23:20:37.423" endtime="20211226 23:20:37.424"/>
</kw>
<kw name="Check For Accessibility Issues" library="AxeLibrary">
<arg>None</arg>
<arg>None</arg>
<arg>None</arg>
<arg>None</arg>
<arg>${ignore_htmls}</arg>
<arg>report_accessibility.json</arg>
<doc>Executes accessibility tests in the current page and write the issues into the file pass in report_file variable. Return report, results and self.result
With this keyword you can pass the type of issues, rules and wcag levels you want to search, also you can filter out specific elements from the page</doc>
<msg timestamp="20211226 23:20:37.424" level="INFO">Ignoring elements html: ['&lt;a href="/doar" class="button button-primary"&gt;DOAR&lt;/a&gt;']</msg>
<status status="PASS" starttime="20211226 23:20:37.424" endtime="20211226 23:20:37.675"/>
</kw>
<kw name="Should Not Exceed Maximum Issues" library="AxeLibrary">
<arg>3</arg>
<doc>Return an error if count_issues &gt; maxAcceptableIssues</doc>
<msg timestamp="20211226 23:20:37.675" level="INFO">You have 2 issues</msg>
<msg timestamp="20211226 23:20:37.675" level="INFO" html="true">
                    &lt;style&gt;
                        #demo table, #demo th, #demo td{
                            border: 1px dotted black;
                            border-collapse: collapse;
                            table-layout: auto;
                        }
                    &lt;/style&gt;
                
                 &lt;table id="demo" style="width:100%"&gt;
                    &lt;tr&gt;
                        &lt;th style="width:10%"&gt;Violation id&lt;/th&gt;
                        &lt;th style="width:50%"&gt;Violation&lt;/th&gt;
                        &lt;th style="width:5%"&gt;How to fix&lt;/th&gt;
                        &lt;th style="width:7%"&gt;Impact&lt;/th&gt;
                        &lt;th&gt;Tags&lt;/th&gt;
                    &lt;/tr&gt;
                    &lt;tr&gt;
                        &lt;td style="text-align:center"&gt;color-contrast&lt;/td&gt;
                        &lt;td&gt;Ensures the contrast between foreground and background colors meets WCAG 2 AA contrast ratio thresholds&lt;/td&gt;
                        &lt;td style="text-align:center"&gt;&lt;a href="https://dequeuniversity.com/rules/axe/3.1/color-contrast?application=axeAPI"&gt;Link&lt;/a&gt;&lt;/td&gt;
                        &lt;td style="text-align:center"&gt;serious&lt;/td&gt;
                        &lt;td style="text-align:center"&gt;['cat.color', 'wcag2aa', 'wcag143']&lt;/td&gt;
                    &lt;/tr&gt;
                &lt;/table&gt;
                </msg>
<msg timestamp="20211226 23:20:37.676" level="INFO" html="true">
                        &lt;style&gt;
                            #demo table, #demo th, #demo td{
                                border: 1px dotted black;
                                border-collapse: collapse;
                                table-layout: auto;
                            }
                        &lt;/style&gt;
                    
                    &lt;table id="demo" style="width:100%"&gt;
                        &lt;tr&gt;
                            &lt;th style="width:10%"&gt;Violation id&lt;/th&gt;
                            &lt;th&gt;Issue&lt;/th&gt;
                            &lt;th style="width:20%"&gt;html&lt;/th&gt;
                            &lt;th style="width:20%"&gt;target&lt;/th&gt;
                        &lt;/tr&gt;
                        &lt;tr&gt;
                            &lt;td style="text-align:center"&gt;color-contrast&lt;/td&gt;
                            &lt;td&gt;Element has insufficient color contrast of 3.28 (foreground color: #5658dd, background color: #151719, font size: 15.0pt, font weight: normal). Expected contrast ratio of 4.5:1&lt;/td&gt;
                            &lt;td&gt;&amp;lt;span class="text-color-primary"&amp;gt; modo público (não pode estar fechado)&amp;lt;/span&amp;gt;&lt;/td&gt;
                            &lt;td&gt;.mb-32.m-0:nth-child(1) &gt; .text-color-primary&lt;/td&gt;
                        &lt;/tr&gt;
                    &lt;/table&gt;
                    </msg>
<msg timestamp="20211226 23:20:37.676" level="INFO" html="true">
                        &lt;style&gt;
                            #demo table, #demo th, #demo td{
                                border: 1px dotted black;
                                border-collapse: collapse;
                                table-layout: auto;
                            }
                        &lt;/style&gt;
                    
                    &lt;table id="demo" style="width:100%"&gt;
                        &lt;tr&gt;
                            &lt;th style="width:10%"&gt;Violation id&lt;/th&gt;
                            &lt;th&gt;Issue&lt;/th&gt;
                            &lt;th style="width:20%"&gt;html&lt;/th&gt;
                            &lt;th style="width:20%"&gt;target&lt;/th&gt;
                        &lt;/tr&gt;
                        &lt;tr&gt;
                            &lt;td style="text-align:center"&gt;color-contrast&lt;/td&gt;
                            &lt;td&gt;Element has insufficient color contrast of 3.77 (foreground color: #eceded, background color: #6163ff, font size: 12.0pt, font weight: bold). Expected contrast ratio of 4.5:1&lt;/td&gt;
                            &lt;td&gt;&amp;lt;a class="button button-primary button-wide-mobile"&amp;gt;Fazer Login com Twitter&amp;lt;/a&amp;gt;&lt;/td&gt;
                            &lt;td&gt;.button-wide-mobile&lt;/td&gt;
                        &lt;/tr&gt;
                    &lt;/table&gt;
                    </msg>
<status status="PASS" starttime="20211226 23:20:37.675" endtime="20211226 23:20:37.676"/>
</kw>
<kw name="Close All Browsers" library="SeleniumLibrary" type="TEARDOWN">
<doc>Closes all open browsers and resets the browser cache.</doc>
<status status="PASS" starttime="20211226 23:20:37.676" endtime="20211226 23:20:38.754"/>
</kw>
<status status="PASS" starttime="20211226 23:20:34.539" endtime="20211226 23:20:38.754"/>
</test>
<status status="FAIL" starttime="20211226 23:20:11.613" endtime="20211226 23:20:38.755"/>
</suite>
<statistics>
<total>
<stat pass="4" fail="2" skip="0">All Tests</stat>
</total>
<tag>
</tag>
<suite>
<stat pass="4" fail="2" skip="0" id="s1" name="Main">Main</stat>
</suite>
</statistics>
<errors>
</errors>
</robot>
