<?xml version="1.0" encoding="UTF-8"?>
<robot generator="Robot 4.0 (Python 3.9.9 on darwin)" generated="20211223 02:19:47.472" rpa="false" schemaversion="2">
<suite id="s1" name="Main" source="/Users/user/Documents/RobotAxeLibrary/main.robot">
<test id="s1-t1" name="Default Check Pass">
<kw name="Open Browser" library="SeleniumLibrary">
<arg>https://retrospective-twitter.web.app/</arg>
<arg>chrome</arg>
<doc>Opens a new browser instance to the optional ``url``.</doc>
<msg timestamp="20211223 02:19:47.666" level="INFO">Opening browser 'chrome' to base url 'https://retrospective-twitter.web.app/'.</msg>
<status status="PASS" starttime="20211223 02:19:47.666" endtime="20211223 02:19:50.879"/>
</kw>
<kw name="Wait Until Page Contains" library="SeleniumLibrary">
<arg>Faça o login com a sua conta do twitter</arg>
<doc>Waits until ``text`` appears on the current page.</doc>
<status status="PASS" starttime="20211223 02:19:50.879" endtime="20211223 02:19:50.892"/>
</kw>
<kw name="Check For Accessibility Issues" library="AxeLibrary">
<arg>None</arg>
<arg>None</arg>
<arg>None</arg>
<arg>None</arg>
<arg>None</arg>
<arg>report_accessibility.json</arg>
<doc>Executes accessibility tests in current page and write the issues into the file pass in report_file variable. Return report, results, self.result</doc>
<status status="PASS" starttime="20211223 02:19:50.892" endtime="20211223 02:19:51.119"/>
</kw>
<kw name="Should Not Exceed Maximum Issues" library="AxeLibrary">
<arg>4</arg>
<doc>Return an error if count_issues &gt; maxAcceptableIssues</doc>
<msg timestamp="20211223 02:19:51.120" level="INFO">You have 3 issues</msg>
<msg timestamp="20211223 02:19:51.120" level="INFO" html="true">
                    &lt;style&gt;
                        #demo table, #demo th, #demo td{
                            border: 1px dotted black;
                            border-collapse: collapse;
                            table-layout: auto;
                        }
                    &lt;/style&gt;
                
                 &lt;table id="demo" style="width:100%"&gt;
                    &lt;tr&gt;
                        &lt;th style="width:10%"&gt;Violation id&lt;/th&gt;
                        &lt;th style="width:50%"&gt;Violation&lt;/th&gt;
                        &lt;th style="width:5%"&gt;How to fix&lt;/th&gt;
                        &lt;th style="width:7%"&gt;Impact&lt;/th&gt;
                        &lt;th&gt;Tags&lt;/th&gt;
                    &lt;/tr&gt;
                    &lt;tr&gt;
                        &lt;td style="text-align:center"&gt;color-contrast&lt;/td&gt;
                        &lt;td&gt;Ensures the contrast between foreground and background colors meets WCAG 2 AA contrast ratio thresholds&lt;/td&gt;
                        &lt;td style="text-align:center"&gt;&lt;a href="https://dequeuniversity.com/rules/axe/3.1/color-contrast?application=axeAPI"&gt;Link&lt;/a&gt;&lt;/td&gt;
                        &lt;td style="text-align:center"&gt;serious&lt;/td&gt;
                        &lt;td style="text-align:center"&gt;['cat.color', 'wcag2aa', 'wcag143']&lt;/td&gt;
                    &lt;/tr&gt;
                &lt;/table&gt;
                </msg>
<msg timestamp="20211223 02:19:51.120" level="INFO" html="true">
                        &lt;style&gt;
                            #demo table, #demo th, #demo td{
                                border: 1px dotted black;
                                border-collapse: collapse;
                                table-layout: auto;
                            }
                        &lt;/style&gt;
                    
                    &lt;table id="demo" style="width:100%"&gt;
                        &lt;tr&gt;
                            &lt;th style="width:10%"&gt;Violation id&lt;/th&gt;
                            &lt;th&gt;Issue&lt;/th&gt;
                            &lt;th style="width:20%"&gt;html&lt;/th&gt;
                            &lt;th style="width:20%"&gt;target&lt;/th&gt;
                        &lt;/tr&gt;
                        &lt;tr&gt;
                            &lt;td style="text-align:center"&gt;color-contrast&lt;/td&gt;
                            &lt;td&gt;Element has insufficient color contrast of 3.28 (foreground color: #5658dd, background color: #151719, font size: 15.0pt, font weight: normal). Expected contrast ratio of 4.5:1&lt;/td&gt;
                            &lt;td&gt;&amp;lt;span class="text-color-primary"&amp;gt; modo público (não pode estar fechado)&amp;lt;/span&amp;gt;&lt;/td&gt;
                            &lt;td&gt;.mb-32.m-0:nth-child(1) &gt; .text-color-primary&lt;/td&gt;
                        &lt;/tr&gt;
                    &lt;/table&gt;
                    </msg>
<msg timestamp="20211223 02:19:51.120" level="INFO" html="true">
                        &lt;style&gt;
                            #demo table, #demo th, #demo td{
                                border: 1px dotted black;
                                border-collapse: collapse;
                                table-layout: auto;
                            }
                        &lt;/style&gt;
                    
                    &lt;table id="demo" style="width:100%"&gt;
                        &lt;tr&gt;
                            &lt;th style="width:10%"&gt;Violation id&lt;/th&gt;
                            &lt;th&gt;Issue&lt;/th&gt;
                            &lt;th style="width:20%"&gt;html&lt;/th&gt;
                            &lt;th style="width:20%"&gt;target&lt;/th&gt;
                        &lt;/tr&gt;
                        &lt;tr&gt;
                            &lt;td style="text-align:center"&gt;color-contrast&lt;/td&gt;
                            &lt;td&gt;Element has insufficient color contrast of 3.77 (foreground color: #eceded, background color: #6163ff, font size: 12.0pt, font weight: bold). Expected contrast ratio of 4.5:1&lt;/td&gt;
                            &lt;td&gt;&amp;lt;a class="button button-primary button-wide-mobile"&amp;gt;Fazer Login com Twitter&amp;lt;/a&amp;gt;&lt;/td&gt;
                            &lt;td&gt;.button-wide-mobile&lt;/td&gt;
                        &lt;/tr&gt;
                    &lt;/table&gt;
                    </msg>
<msg timestamp="20211223 02:19:51.120" level="INFO" html="true">
                        &lt;style&gt;
                            #demo table, #demo th, #demo td{
                                border: 1px dotted black;
                                border-collapse: collapse;
                                table-layout: auto;
                            }
                        &lt;/style&gt;
                    
                    &lt;table id="demo" style="width:100%"&gt;
                        &lt;tr&gt;
                            &lt;th style="width:10%"&gt;Violation id&lt;/th&gt;
                            &lt;th&gt;Issue&lt;/th&gt;
                            &lt;th style="width:20%"&gt;html&lt;/th&gt;
                            &lt;th style="width:20%"&gt;target&lt;/th&gt;
                        &lt;/tr&gt;
                        &lt;tr&gt;
                            &lt;td style="text-align:center"&gt;color-contrast&lt;/td&gt;
                            &lt;td&gt;Element has insufficient color contrast of 3.77 (foreground color: #eceded, background color: #6163ff, font size: 12.0pt, font weight: bold). Expected contrast ratio of 4.5:1&lt;/td&gt;
                            &lt;td&gt;&amp;lt;a href="/doar" class="button button-primary"&amp;gt;DOAR&amp;lt;/a&amp;gt;&lt;/td&gt;
                            &lt;td&gt;.button.button-primary[href$="doar"]&lt;/td&gt;
                        &lt;/tr&gt;
                    &lt;/table&gt;
                    </msg>
<status status="PASS" starttime="20211223 02:19:51.120" endtime="20211223 02:19:51.120"/>
</kw>
<kw name="Close All Browsers" library="SeleniumLibrary" type="TEARDOWN">
<doc>Closes all open browsers and resets the browser cache.</doc>
<status status="PASS" starttime="20211223 02:19:51.120" endtime="20211223 02:19:51.192"/>
</kw>
<status status="PASS" starttime="20211223 02:19:47.665" endtime="20211223 02:19:51.192"/>
</test>
<test id="s1-t2" name="Default Check Fail">
<kw name="Open Browser" library="SeleniumLibrary">
<arg>https://retrospective-twitter.web.app/</arg>
<arg>chrome</arg>
<doc>Opens a new browser instance to the optional ``url``.</doc>
<msg timestamp="20211223 02:19:51.194" level="INFO">Opening browser 'chrome' to base url 'https://retrospective-twitter.web.app/'.</msg>
<status status="PASS" starttime="20211223 02:19:51.193" endtime="20211223 02:19:54.885"/>
</kw>
<kw name="Wait Until Page Contains" library="SeleniumLibrary">
<arg>Faça o login com a sua conta do twitter</arg>
<doc>Waits until ``text`` appears on the current page.</doc>
<status status="PASS" starttime="20211223 02:19:54.885" endtime="20211223 02:19:54.896"/>
</kw>
<kw name="Check For Accessibility Issues" library="AxeLibrary">
<arg>None</arg>
<arg>None</arg>
<arg>None</arg>
<arg>None</arg>
<arg>None</arg>
<arg>report_accessibility.json</arg>
<doc>Executes accessibility tests in current page and write the issues into the file pass in report_file variable. Return report, results, self.result</doc>
<status status="PASS" starttime="20211223 02:19:54.896" endtime="20211223 02:19:55.138"/>
</kw>
<kw name="Should Not Exceed Maximum Issues" library="AxeLibrary">
<arg>1</arg>
<doc>Return an error if count_issues &gt; maxAcceptableIssues</doc>
<msg timestamp="20211223 02:19:55.138" level="INFO">You have 3 issues</msg>
<msg timestamp="20211223 02:19:55.138" level="INFO" html="true">
                    &lt;style&gt;
                        #demo table, #demo th, #demo td{
                            border: 1px dotted black;
                            border-collapse: collapse;
                            table-layout: auto;
                        }
                    &lt;/style&gt;
                
                 &lt;table id="demo" style="width:100%"&gt;
                    &lt;tr&gt;
                        &lt;th style="width:10%"&gt;Violation id&lt;/th&gt;
                        &lt;th style="width:50%"&gt;Violation&lt;/th&gt;
                        &lt;th style="width:5%"&gt;How to fix&lt;/th&gt;
                        &lt;th style="width:7%"&gt;Impact&lt;/th&gt;
                        &lt;th&gt;Tags&lt;/th&gt;
                    &lt;/tr&gt;
                    &lt;tr&gt;
                        &lt;td style="text-align:center"&gt;color-contrast&lt;/td&gt;
                        &lt;td&gt;Ensures the contrast between foreground and background colors meets WCAG 2 AA contrast ratio thresholds&lt;/td&gt;
                        &lt;td style="text-align:center"&gt;&lt;a href="https://dequeuniversity.com/rules/axe/3.1/color-contrast?application=axeAPI"&gt;Link&lt;/a&gt;&lt;/td&gt;
                        &lt;td style="text-align:center"&gt;serious&lt;/td&gt;
                        &lt;td style="text-align:center"&gt;['cat.color', 'wcag2aa', 'wcag143']&lt;/td&gt;
                    &lt;/tr&gt;
                &lt;/table&gt;
                </msg>
<msg timestamp="20211223 02:19:55.138" level="INFO" html="true">
                        &lt;style&gt;
                            #demo table, #demo th, #demo td{
                                border: 1px dotted black;
                                border-collapse: collapse;
                                table-layout: auto;
                            }
                        &lt;/style&gt;
                    
                    &lt;table id="demo" style="width:100%"&gt;
                        &lt;tr&gt;
                            &lt;th style="width:10%"&gt;Violation id&lt;/th&gt;
                            &lt;th&gt;Issue&lt;/th&gt;
                            &lt;th style="width:20%"&gt;html&lt;/th&gt;
                            &lt;th style="width:20%"&gt;target&lt;/th&gt;
                        &lt;/tr&gt;
                        &lt;tr&gt;
                            &lt;td style="text-align:center"&gt;color-contrast&lt;/td&gt;
                            &lt;td&gt;Element has insufficient color contrast of 3.28 (foreground color: #5658dd, background color: #151719, font size: 15.0pt, font weight: normal). Expected contrast ratio of 4.5:1&lt;/td&gt;
                            &lt;td&gt;&amp;lt;span class="text-color-primary"&amp;gt; modo público (não pode estar fechado)&amp;lt;/span&amp;gt;&lt;/td&gt;
                            &lt;td&gt;.mb-32.m-0:nth-child(1) &gt; .text-color-primary&lt;/td&gt;
                        &lt;/tr&gt;
                    &lt;/table&gt;
                    </msg>
<msg timestamp="20211223 02:19:55.138" level="INFO" html="true">
                        &lt;style&gt;
                            #demo table, #demo th, #demo td{
                                border: 1px dotted black;
                                border-collapse: collapse;
                                table-layout: auto;
                            }
                        &lt;/style&gt;
                    
                    &lt;table id="demo" style="width:100%"&gt;
                        &lt;tr&gt;
                            &lt;th style="width:10%"&gt;Violation id&lt;/th&gt;
                            &lt;th&gt;Issue&lt;/th&gt;
                            &lt;th style="width:20%"&gt;html&lt;/th&gt;
                            &lt;th style="width:20%"&gt;target&lt;/th&gt;
                        &lt;/tr&gt;
                        &lt;tr&gt;
                            &lt;td style="text-align:center"&gt;color-contrast&lt;/td&gt;
                            &lt;td&gt;Element has insufficient color contrast of 3.77 (foreground color: #eceded, background color: #6163ff, font size: 12.0pt, font weight: bold). Expected contrast ratio of 4.5:1&lt;/td&gt;
                            &lt;td&gt;&amp;lt;a class="button button-primary button-wide-mobile"&amp;gt;Fazer Login com Twitter&amp;lt;/a&amp;gt;&lt;/td&gt;
                            &lt;td&gt;.button-wide-mobile&lt;/td&gt;
                        &lt;/tr&gt;
                    &lt;/table&gt;
                    </msg>
<msg timestamp="20211223 02:19:55.138" level="INFO" html="true">
                        &lt;style&gt;
                            #demo table, #demo th, #demo td{
                                border: 1px dotted black;
                                border-collapse: collapse;
                                table-layout: auto;
                            }
                        &lt;/style&gt;
                    
                    &lt;table id="demo" style="width:100%"&gt;
                        &lt;tr&gt;
                            &lt;th style="width:10%"&gt;Violation id&lt;/th&gt;
                            &lt;th&gt;Issue&lt;/th&gt;
                            &lt;th style="width:20%"&gt;html&lt;/th&gt;
                            &lt;th style="width:20%"&gt;target&lt;/th&gt;
                        &lt;/tr&gt;
                        &lt;tr&gt;
                            &lt;td style="text-align:center"&gt;color-contrast&lt;/td&gt;
                            &lt;td&gt;Element has insufficient color contrast of 3.77 (foreground color: #eceded, background color: #6163ff, font size: 12.0pt, font weight: bold). Expected contrast ratio of 4.5:1&lt;/td&gt;
                            &lt;td&gt;&amp;lt;a href="/doar" class="button button-primary"&amp;gt;DOAR&amp;lt;/a&amp;gt;&lt;/td&gt;
                            &lt;td&gt;.button.button-primary[href$="doar"]&lt;/td&gt;
                        &lt;/tr&gt;
                    &lt;/table&gt;
                    </msg>
<msg timestamp="20211223 02:19:55.140" level="FAIL">You have 3 issues and you just accept 1</msg>
<status status="FAIL" starttime="20211223 02:19:55.138" endtime="20211223 02:19:55.140"/>
</kw>
<kw name="Close All Browsers" library="SeleniumLibrary" type="TEARDOWN">
<doc>Closes all open browsers and resets the browser cache.</doc>
<status status="PASS" starttime="20211223 02:19:55.140" endtime="20211223 02:19:55.211"/>
</kw>
<status status="FAIL" starttime="20211223 02:19:51.193" endtime="20211223 02:19:55.212">You have 3 issues and you just accept 1</status>
</test>
<test id="s1-t3" name="Ignore targets">
<kw name="Open Browser" library="SeleniumLibrary">
<arg>https://retrospective-twitter.web.app/</arg>
<arg>chrome</arg>
<doc>Opens a new browser instance to the optional ``url``.</doc>
<msg timestamp="20211223 02:19:55.213" level="INFO">Opening browser 'chrome' to base url 'https://retrospective-twitter.web.app/'.</msg>
<status status="PASS" starttime="20211223 02:19:55.213" endtime="20211223 02:19:58.257"/>
</kw>
<kw name="Wait Until Page Contains" library="SeleniumLibrary">
<arg>Faça o login com a sua conta do twitter</arg>
<doc>Waits until ``text`` appears on the current page.</doc>
<status status="PASS" starttime="20211223 02:19:58.257" endtime="20211223 02:19:58.268"/>
</kw>
<kw name="Log" library="BuiltIn">
<arg>${ignore_targets}</arg>
<doc>Logs the given message with the given level.</doc>
<msg timestamp="20211223 02:19:58.269" level="INFO">['.mb-32.m-0:nth-child(1) &gt; .text-color-primary', '.button-wide-mobile', '.button.button-primary[href$="doar"]']</msg>
<status status="PASS" starttime="20211223 02:19:58.269" endtime="20211223 02:19:58.269"/>
</kw>
<kw name="Check For Accessibility Issues" library="AxeLibrary">
<arg>None</arg>
<arg>None</arg>
<arg>None</arg>
<arg>${ignore_targets}</arg>
<arg>None</arg>
<arg>report_accessibility.json</arg>
<doc>Executes accessibility tests in current page and write the issues into the file pass in report_file variable. Return report, results, self.result</doc>
<msg timestamp="20211223 02:19:58.269" level="INFO">Ignoring elements target: ['.mb-32.m-0:nth-child(1) &gt; .text-color-primary', '.button-wide-mobile', '.button.button-primary[href$="doar"]']</msg>
<status status="PASS" starttime="20211223 02:19:58.269" endtime="20211223 02:19:58.513"/>
</kw>
<kw name="Should Not Exceed Maximum Issues" library="AxeLibrary">
<arg>2</arg>
<doc>Return an error if count_issues &gt; maxAcceptableIssues</doc>
<msg timestamp="20211223 02:19:58.514" level="INFO">You have 0 issues</msg>
<status status="PASS" starttime="20211223 02:19:58.514" endtime="20211223 02:19:58.514"/>
</kw>
<kw name="Close All Browsers" library="SeleniumLibrary" type="TEARDOWN">
<doc>Closes all open browsers and resets the browser cache.</doc>
<status status="PASS" starttime="20211223 02:19:58.514" endtime="20211223 02:19:58.667"/>
</kw>
<status status="PASS" starttime="20211223 02:19:55.212" endtime="20211223 02:19:58.667"/>
</test>
<test id="s1-t4" name="Ignore htmls">
<kw name="Open Browser" library="SeleniumLibrary">
<arg>https://retrospective-twitter.web.app/</arg>
<arg>chrome</arg>
<doc>Opens a new browser instance to the optional ``url``.</doc>
<msg timestamp="20211223 02:19:58.668" level="INFO">Opening browser 'chrome' to base url 'https://retrospective-twitter.web.app/'.</msg>
<status status="PASS" starttime="20211223 02:19:58.668" endtime="20211223 02:20:01.496"/>
</kw>
<kw name="Wait Until Page Contains" library="SeleniumLibrary">
<arg>Faça o login com a sua conta do twitter</arg>
<doc>Waits until ``text`` appears on the current page.</doc>
<status status="PASS" starttime="20211223 02:20:01.496" endtime="20211223 02:20:01.509"/>
</kw>
<kw name="Log" library="BuiltIn">
<arg>${ignore_htmls}</arg>
<doc>Logs the given message with the given level.</doc>
<msg timestamp="20211223 02:20:01.510" level="INFO">['&lt;a href="/doar" class="button button-primary"&gt;DOAR&lt;/a&gt;']</msg>
<status status="PASS" starttime="20211223 02:20:01.509" endtime="20211223 02:20:01.510"/>
</kw>
<kw name="Check For Accessibility Issues" library="AxeLibrary">
<arg>None</arg>
<arg>None</arg>
<arg>None</arg>
<arg>None</arg>
<arg>${ignore_htmls}</arg>
<arg>report_accessibility.json</arg>
<doc>Executes accessibility tests in current page and write the issues into the file pass in report_file variable. Return report, results, self.result</doc>
<msg timestamp="20211223 02:20:01.510" level="INFO">Ignoring elements html: ['&lt;a href="/doar" class="button button-primary"&gt;DOAR&lt;/a&gt;']</msg>
<status status="PASS" starttime="20211223 02:20:01.510" endtime="20211223 02:20:01.754"/>
</kw>
<kw name="Should Not Exceed Maximum Issues" library="AxeLibrary">
<arg>3</arg>
<doc>Return an error if count_issues &gt; maxAcceptableIssues</doc>
<msg timestamp="20211223 02:20:01.754" level="INFO">You have 2 issues</msg>
<msg timestamp="20211223 02:20:01.755" level="INFO" html="true">
                    &lt;style&gt;
                        #demo table, #demo th, #demo td{
                            border: 1px dotted black;
                            border-collapse: collapse;
                            table-layout: auto;
                        }
                    &lt;/style&gt;
                
                 &lt;table id="demo" style="width:100%"&gt;
                    &lt;tr&gt;
                        &lt;th style="width:10%"&gt;Violation id&lt;/th&gt;
                        &lt;th style="width:50%"&gt;Violation&lt;/th&gt;
                        &lt;th style="width:5%"&gt;How to fix&lt;/th&gt;
                        &lt;th style="width:7%"&gt;Impact&lt;/th&gt;
                        &lt;th&gt;Tags&lt;/th&gt;
                    &lt;/tr&gt;
                    &lt;tr&gt;
                        &lt;td style="text-align:center"&gt;color-contrast&lt;/td&gt;
                        &lt;td&gt;Ensures the contrast between foreground and background colors meets WCAG 2 AA contrast ratio thresholds&lt;/td&gt;
                        &lt;td style="text-align:center"&gt;&lt;a href="https://dequeuniversity.com/rules/axe/3.1/color-contrast?application=axeAPI"&gt;Link&lt;/a&gt;&lt;/td&gt;
                        &lt;td style="text-align:center"&gt;serious&lt;/td&gt;
                        &lt;td style="text-align:center"&gt;['cat.color', 'wcag2aa', 'wcag143']&lt;/td&gt;
                    &lt;/tr&gt;
                &lt;/table&gt;
                </msg>
<msg timestamp="20211223 02:20:01.755" level="INFO" html="true">
                        &lt;style&gt;
                            #demo table, #demo th, #demo td{
                                border: 1px dotted black;
                                border-collapse: collapse;
                                table-layout: auto;
                            }
                        &lt;/style&gt;
                    
                    &lt;table id="demo" style="width:100%"&gt;
                        &lt;tr&gt;
                            &lt;th style="width:10%"&gt;Violation id&lt;/th&gt;
                            &lt;th&gt;Issue&lt;/th&gt;
                            &lt;th style="width:20%"&gt;html&lt;/th&gt;
                            &lt;th style="width:20%"&gt;target&lt;/th&gt;
                        &lt;/tr&gt;
                        &lt;tr&gt;
                            &lt;td style="text-align:center"&gt;color-contrast&lt;/td&gt;
                            &lt;td&gt;Element has insufficient color contrast of 3.28 (foreground color: #5658dd, background color: #151719, font size: 15.0pt, font weight: normal). Expected contrast ratio of 4.5:1&lt;/td&gt;
                            &lt;td&gt;&amp;lt;span class="text-color-primary"&amp;gt; modo público (não pode estar fechado)&amp;lt;/span&amp;gt;&lt;/td&gt;
                            &lt;td&gt;.mb-32.m-0:nth-child(1) &gt; .text-color-primary&lt;/td&gt;
                        &lt;/tr&gt;
                    &lt;/table&gt;
                    </msg>
<msg timestamp="20211223 02:20:01.755" level="INFO" html="true">
                        &lt;style&gt;
                            #demo table, #demo th, #demo td{
                                border: 1px dotted black;
                                border-collapse: collapse;
                                table-layout: auto;
                            }
                        &lt;/style&gt;
                    
                    &lt;table id="demo" style="width:100%"&gt;
                        &lt;tr&gt;
                            &lt;th style="width:10%"&gt;Violation id&lt;/th&gt;
                            &lt;th&gt;Issue&lt;/th&gt;
                            &lt;th style="width:20%"&gt;html&lt;/th&gt;
                            &lt;th style="width:20%"&gt;target&lt;/th&gt;
                        &lt;/tr&gt;
                        &lt;tr&gt;
                            &lt;td style="text-align:center"&gt;color-contrast&lt;/td&gt;
                            &lt;td&gt;Element has insufficient color contrast of 3.77 (foreground color: #eceded, background color: #6163ff, font size: 12.0pt, font weight: bold). Expected contrast ratio of 4.5:1&lt;/td&gt;
                            &lt;td&gt;&amp;lt;a class="button button-primary button-wide-mobile"&amp;gt;Fazer Login com Twitter&amp;lt;/a&amp;gt;&lt;/td&gt;
                            &lt;td&gt;.button-wide-mobile&lt;/td&gt;
                        &lt;/tr&gt;
                    &lt;/table&gt;
                    </msg>
<status status="PASS" starttime="20211223 02:20:01.754" endtime="20211223 02:20:01.755"/>
</kw>
<kw name="Close All Browsers" library="SeleniumLibrary" type="TEARDOWN">
<doc>Closes all open browsers and resets the browser cache.</doc>
<status status="PASS" starttime="20211223 02:20:01.756" endtime="20211223 02:20:01.827"/>
</kw>
<status status="PASS" starttime="20211223 02:19:58.668" endtime="20211223 02:20:01.827"/>
</test>
<status status="FAIL" starttime="20211223 02:19:47.473" endtime="20211223 02:20:01.829"/>
</suite>
<statistics>
<total>
<stat pass="3" fail="1" skip="0">All Tests</stat>
</total>
<tag>
</tag>
<suite>
<stat pass="3" fail="1" skip="0" id="s1" name="Main">Main</stat>
</suite>
</statistics>
<errors>
</errors>
</robot>
