<?xml version="1.0" encoding="UTF-8"?>
<robot generator="Robot 4.0 (Python 3.9.9 on darwin)" generated="20220112 21:33:05.416" rpa="false" schemaversion="2">
<suite id="s1" name="Tests" source="/Users/user/Documents/RobotAxeLibrary/tests/tests.robot">
<test id="s1-t1" name="Check for specifics tags">
<kw name="Open Browser" library="SeleniumLibrary">
<arg>https://retrospective-twitter.web.app/</arg>
<arg>chrome</arg>
<doc>Opens a new browser instance to the optional ``url``.</doc>
<msg timestamp="20220112 21:33:05.611" level="INFO">Opening browser 'chrome' to base url 'https://retrospective-twitter.web.app/'.</msg>
<status status="PASS" starttime="20220112 21:33:05.610" endtime="20220112 21:33:09.062"/>
</kw>
<kw name="Wait Until Page Contains" library="SeleniumLibrary">
<arg>Faça o login com a sua conta do twitter</arg>
<doc>Waits until ``text`` appears on the current page.</doc>
<status status="PASS" starttime="20220112 21:33:09.063" endtime="20220112 21:33:09.079"/>
</kw>
<kw name="Check For Accessibility Issues" library="RobotAxeLibrary">
<arg>type_issues=tags</arg>
<arg>specific_issues=${specific_one_tag_a11y}</arg>
<doc>Executes accessibility tests in the current page and write the issues into the file pass in report_file variable. Return report, results and self.result
With this keyword you can pass the type of issues, rules and wcag levels you want to search, also you can filter out specific elements from the page</doc>
<msg timestamp="20220112 21:33:09.134" level="INFO">Searching for accesibility issues with options: ['wcag2a']</msg>
<status status="PASS" starttime="20220112 21:33:09.079" endtime="20220112 21:33:09.293"/>
</kw>
<kw name="Should Not Exceed Maximum Issues" library="RobotAxeLibrary">
<arg>1</arg>
<doc>Return an error if count_issues &gt; maxAcceptableIssues</doc>
<msg timestamp="20220112 21:33:09.293" level="INFO">You have 0 issues</msg>
<status status="PASS" starttime="20220112 21:33:09.293" endtime="20220112 21:33:09.293"/>
</kw>
<kw name="Close All Browsers" library="SeleniumLibrary" type="TEARDOWN">
<doc>Closes all open browsers and resets the browser cache.</doc>
<status status="PASS" starttime="20220112 21:33:09.294" endtime="20220112 21:33:09.368"/>
</kw>
<status status="PASS" starttime="20220112 21:33:05.610" endtime="20220112 21:33:09.368"/>
</test>
<test id="s1-t2" name="Check for other rules">
<kw name="Open Browser" library="SeleniumLibrary">
<arg>https://retrospective-twitter.web.app/</arg>
<arg>chrome</arg>
<doc>Opens a new browser instance to the optional ``url``.</doc>
<msg timestamp="20220112 21:33:09.370" level="INFO">Opening browser 'chrome' to base url 'https://retrospective-twitter.web.app/'.</msg>
<status status="PASS" starttime="20220112 21:33:09.369" endtime="20220112 21:33:12.900"/>
</kw>
<kw name="Wait Until Page Contains" library="SeleniumLibrary">
<arg>Faça o login com a sua conta do twitter</arg>
<doc>Waits until ``text`` appears on the current page.</doc>
<status status="PASS" starttime="20220112 21:33:12.901" endtime="20220112 21:33:12.915"/>
</kw>
<kw name="Check For Accessibility Issues" library="RobotAxeLibrary">
<arg>rules_config=${DICTIONARY}</arg>
<doc>Executes accessibility tests in the current page and write the issues into the file pass in report_file variable. Return report, results and self.result
With this keyword you can pass the type of issues, rules and wcag levels you want to search, also you can filter out specific elements from the page</doc>
<status status="PASS" starttime="20220112 21:33:12.915" endtime="20220112 21:33:13.179"/>
</kw>
<kw name="Should Not Exceed Maximum Issues" library="RobotAxeLibrary">
<arg>1</arg>
<doc>Return an error if count_issues &gt; maxAcceptableIssues</doc>
<msg timestamp="20220112 21:33:13.180" level="INFO">You have 3 issues</msg>
<msg timestamp="20220112 21:33:13.180" level="INFO" html="true">
                    &lt;style&gt;
                        #demo table, #demo th, #demo td{
                            border: 1px dotted black;
                            border-collapse: collapse;
                            table-layout: auto;
                        }
                    &lt;/style&gt;
                
                 &lt;table id="demo" style="width:100%"&gt;
                    &lt;tr&gt;
                        &lt;th style="width:10%"&gt;Violation id&lt;/th&gt;
                        &lt;th style="width:50%"&gt;Violation&lt;/th&gt;
                        &lt;th style="width:5%"&gt;How to fix&lt;/th&gt;
                        &lt;th style="width:7%"&gt;Impact&lt;/th&gt;
                        &lt;th&gt;Tags&lt;/th&gt;
                    &lt;/tr&gt;
                    &lt;tr&gt;
                        &lt;td style="text-align:center"&gt;color-contrast&lt;/td&gt;
                        &lt;td&gt;Ensures the contrast between foreground and background colors meets WCAG 2 AA contrast ratio thresholds&lt;/td&gt;
                        &lt;td style="text-align:center"&gt;&lt;a href="https://dequeuniversity.com/rules/axe/3.1/color-contrast?application=axeAPI"&gt;Link&lt;/a&gt;&lt;/td&gt;
                        &lt;td style="text-align:center"&gt;serious&lt;/td&gt;
                        &lt;td style="text-align:center"&gt;['cat.color', 'wcag2aa', 'wcag143']&lt;/td&gt;
                    &lt;/tr&gt;
                &lt;/table&gt;
                </msg>
<msg timestamp="20220112 21:33:13.180" level="INFO" html="true">
                        &lt;style&gt;
                            #demo table, #demo th, #demo td{
                                border: 1px dotted black;
                                border-collapse: collapse;
                                table-layout: auto;
                            }
                        &lt;/style&gt;
                    
                    &lt;table id="demo" style="width:100%"&gt;
                        &lt;tr&gt;
                            &lt;th style="width:10%"&gt;Violation id&lt;/th&gt;
                            &lt;th&gt;Issue&lt;/th&gt;
                            &lt;th style="width:20%"&gt;html&lt;/th&gt;
                            &lt;th style="width:20%"&gt;target&lt;/th&gt;
                        &lt;/tr&gt;
                        &lt;tr&gt;
                            &lt;td style="text-align:center"&gt;color-contrast&lt;/td&gt;
                            &lt;td&gt;Element has insufficient color contrast of 3.28 (foreground color: #5658dd, background color: #151719, font size: 15.0pt, font weight: normal). Expected contrast ratio of 4.5:1&lt;/td&gt;
                            &lt;td&gt;&amp;lt;span class="text-color-primary"&amp;gt; modo público (não pode estar fechado)&amp;lt;/span&amp;gt;&lt;/td&gt;
                            &lt;td&gt;.mb-32.m-0:nth-child(1) &gt; .text-color-primary&lt;/td&gt;
                        &lt;/tr&gt;
                    &lt;/table&gt;
                    </msg>
<msg timestamp="20220112 21:33:13.180" level="INFO" html="true">
                        &lt;style&gt;
                            #demo table, #demo th, #demo td{
                                border: 1px dotted black;
                                border-collapse: collapse;
                                table-layout: auto;
                            }
                        &lt;/style&gt;
                    
                    &lt;table id="demo" style="width:100%"&gt;
                        &lt;tr&gt;
                            &lt;th style="width:10%"&gt;Violation id&lt;/th&gt;
                            &lt;th&gt;Issue&lt;/th&gt;
                            &lt;th style="width:20%"&gt;html&lt;/th&gt;
                            &lt;th style="width:20%"&gt;target&lt;/th&gt;
                        &lt;/tr&gt;
                        &lt;tr&gt;
                            &lt;td style="text-align:center"&gt;color-contrast&lt;/td&gt;
                            &lt;td&gt;Element has insufficient color contrast of 3.77 (foreground color: #eceded, background color: #6163ff, font size: 12.0pt, font weight: bold). Expected contrast ratio of 4.5:1&lt;/td&gt;
                            &lt;td&gt;&amp;lt;a class="button button-primary button-wide-mobile"&amp;gt;Fazer Login com Twitter&amp;lt;/a&amp;gt;&lt;/td&gt;
                            &lt;td&gt;.button-wide-mobile&lt;/td&gt;
                        &lt;/tr&gt;
                    &lt;/table&gt;
                    </msg>
<msg timestamp="20220112 21:33:13.180" level="INFO" html="true">
                        &lt;style&gt;
                            #demo table, #demo th, #demo td{
                                border: 1px dotted black;
                                border-collapse: collapse;
                                table-layout: auto;
                            }
                        &lt;/style&gt;
                    
                    &lt;table id="demo" style="width:100%"&gt;
                        &lt;tr&gt;
                            &lt;th style="width:10%"&gt;Violation id&lt;/th&gt;
                            &lt;th&gt;Issue&lt;/th&gt;
                            &lt;th style="width:20%"&gt;html&lt;/th&gt;
                            &lt;th style="width:20%"&gt;target&lt;/th&gt;
                        &lt;/tr&gt;
                        &lt;tr&gt;
                            &lt;td style="text-align:center"&gt;color-contrast&lt;/td&gt;
                            &lt;td&gt;Element has insufficient color contrast of 3.77 (foreground color: #eceded, background color: #6163ff, font size: 12.0pt, font weight: bold). Expected contrast ratio of 4.5:1&lt;/td&gt;
                            &lt;td&gt;&amp;lt;a href="/doar" class="button button-primary"&amp;gt;DOAR&amp;lt;/a&amp;gt;&lt;/td&gt;
                            &lt;td&gt;.button.button-primary[href$="doar"]&lt;/td&gt;
                        &lt;/tr&gt;
                    &lt;/table&gt;
                    </msg>
<msg timestamp="20220112 21:33:13.182" level="FAIL">You have 3 issues and you just accept 1</msg>
<status status="FAIL" starttime="20220112 21:33:13.179" endtime="20220112 21:33:13.182"/>
</kw>
<kw name="Close All Browsers" library="SeleniumLibrary" type="TEARDOWN">
<doc>Closes all open browsers and resets the browser cache.</doc>
<status status="PASS" starttime="20220112 21:33:13.183" endtime="20220112 21:33:13.306"/>
</kw>
<status status="FAIL" starttime="20220112 21:33:09.369" endtime="20220112 21:33:13.306">You have 3 issues and you just accept 1</status>
</test>
<test id="s1-t3" name="Default Check Pass">
<kw name="Open Browser" library="SeleniumLibrary">
<arg>https://retrospective-twitter.web.app/</arg>
<arg>chrome</arg>
<doc>Opens a new browser instance to the optional ``url``.</doc>
<msg timestamp="20220112 21:33:13.308" level="INFO">Opening browser 'chrome' to base url 'https://retrospective-twitter.web.app/'.</msg>
<status status="PASS" starttime="20220112 21:33:13.308" endtime="20220112 21:33:16.469"/>
</kw>
<kw name="Wait Until Page Contains" library="SeleniumLibrary">
<arg>Faça o login com a sua conta do twitter</arg>
<doc>Waits until ``text`` appears on the current page.</doc>
<status status="PASS" starttime="20220112 21:33:16.470" endtime="20220112 21:33:16.484"/>
</kw>
<kw name="Check For Accessibility Issues" library="RobotAxeLibrary">
<doc>Executes accessibility tests in the current page and write the issues into the file pass in report_file variable. Return report, results and self.result
With this keyword you can pass the type of issues, rules and wcag levels you want to search, also you can filter out specific elements from the page</doc>
<status status="PASS" starttime="20220112 21:33:16.484" endtime="20220112 21:33:16.737"/>
</kw>
<kw name="Should Not Exceed Maximum Issues" library="RobotAxeLibrary">
<arg>4</arg>
<doc>Return an error if count_issues &gt; maxAcceptableIssues</doc>
<msg timestamp="20220112 21:33:16.738" level="INFO">You have 3 issues</msg>
<msg timestamp="20220112 21:33:16.738" level="INFO" html="true">
                    &lt;style&gt;
                        #demo table, #demo th, #demo td{
                            border: 1px dotted black;
                            border-collapse: collapse;
                            table-layout: auto;
                        }
                    &lt;/style&gt;
                
                 &lt;table id="demo" style="width:100%"&gt;
                    &lt;tr&gt;
                        &lt;th style="width:10%"&gt;Violation id&lt;/th&gt;
                        &lt;th style="width:50%"&gt;Violation&lt;/th&gt;
                        &lt;th style="width:5%"&gt;How to fix&lt;/th&gt;
                        &lt;th style="width:7%"&gt;Impact&lt;/th&gt;
                        &lt;th&gt;Tags&lt;/th&gt;
                    &lt;/tr&gt;
                    &lt;tr&gt;
                        &lt;td style="text-align:center"&gt;color-contrast&lt;/td&gt;
                        &lt;td&gt;Ensures the contrast between foreground and background colors meets WCAG 2 AA contrast ratio thresholds&lt;/td&gt;
                        &lt;td style="text-align:center"&gt;&lt;a href="https://dequeuniversity.com/rules/axe/3.1/color-contrast?application=axeAPI"&gt;Link&lt;/a&gt;&lt;/td&gt;
                        &lt;td style="text-align:center"&gt;serious&lt;/td&gt;
                        &lt;td style="text-align:center"&gt;['cat.color', 'wcag2aa', 'wcag143']&lt;/td&gt;
                    &lt;/tr&gt;
                &lt;/table&gt;
                </msg>
<msg timestamp="20220112 21:33:16.738" level="INFO" html="true">
                        &lt;style&gt;
                            #demo table, #demo th, #demo td{
                                border: 1px dotted black;
                                border-collapse: collapse;
                                table-layout: auto;
                            }
                        &lt;/style&gt;
                    
                    &lt;table id="demo" style="width:100%"&gt;
                        &lt;tr&gt;
                            &lt;th style="width:10%"&gt;Violation id&lt;/th&gt;
                            &lt;th&gt;Issue&lt;/th&gt;
                            &lt;th style="width:20%"&gt;html&lt;/th&gt;
                            &lt;th style="width:20%"&gt;target&lt;/th&gt;
                        &lt;/tr&gt;
                        &lt;tr&gt;
                            &lt;td style="text-align:center"&gt;color-contrast&lt;/td&gt;
                            &lt;td&gt;Element has insufficient color contrast of 3.28 (foreground color: #5658dd, background color: #151719, font size: 15.0pt, font weight: normal). Expected contrast ratio of 4.5:1&lt;/td&gt;
                            &lt;td&gt;&amp;lt;span class="text-color-primary"&amp;gt; modo público (não pode estar fechado)&amp;lt;/span&amp;gt;&lt;/td&gt;
                            &lt;td&gt;.mb-32.m-0:nth-child(1) &gt; .text-color-primary&lt;/td&gt;
                        &lt;/tr&gt;
                    &lt;/table&gt;
                    </msg>
<msg timestamp="20220112 21:33:16.738" level="INFO" html="true">
                        &lt;style&gt;
                            #demo table, #demo th, #demo td{
                                border: 1px dotted black;
                                border-collapse: collapse;
                                table-layout: auto;
                            }
                        &lt;/style&gt;
                    
                    &lt;table id="demo" style="width:100%"&gt;
                        &lt;tr&gt;
                            &lt;th style="width:10%"&gt;Violation id&lt;/th&gt;
                            &lt;th&gt;Issue&lt;/th&gt;
                            &lt;th style="width:20%"&gt;html&lt;/th&gt;
                            &lt;th style="width:20%"&gt;target&lt;/th&gt;
                        &lt;/tr&gt;
                        &lt;tr&gt;
                            &lt;td style="text-align:center"&gt;color-contrast&lt;/td&gt;
                            &lt;td&gt;Element has insufficient color contrast of 3.77 (foreground color: #eceded, background color: #6163ff, font size: 12.0pt, font weight: bold). Expected contrast ratio of 4.5:1&lt;/td&gt;
                            &lt;td&gt;&amp;lt;a class="button button-primary button-wide-mobile"&amp;gt;Fazer Login com Twitter&amp;lt;/a&amp;gt;&lt;/td&gt;
                            &lt;td&gt;.button-wide-mobile&lt;/td&gt;
                        &lt;/tr&gt;
                    &lt;/table&gt;
                    </msg>
<msg timestamp="20220112 21:33:16.739" level="INFO" html="true">
                        &lt;style&gt;
                            #demo table, #demo th, #demo td{
                                border: 1px dotted black;
                                border-collapse: collapse;
                                table-layout: auto;
                            }
                        &lt;/style&gt;
                    
                    &lt;table id="demo" style="width:100%"&gt;
                        &lt;tr&gt;
                            &lt;th style="width:10%"&gt;Violation id&lt;/th&gt;
                            &lt;th&gt;Issue&lt;/th&gt;
                            &lt;th style="width:20%"&gt;html&lt;/th&gt;
                            &lt;th style="width:20%"&gt;target&lt;/th&gt;
                        &lt;/tr&gt;
                        &lt;tr&gt;
                            &lt;td style="text-align:center"&gt;color-contrast&lt;/td&gt;
                            &lt;td&gt;Element has insufficient color contrast of 3.77 (foreground color: #eceded, background color: #6163ff, font size: 12.0pt, font weight: bold). Expected contrast ratio of 4.5:1&lt;/td&gt;
                            &lt;td&gt;&amp;lt;a href="/doar" class="button button-primary"&amp;gt;DOAR&amp;lt;/a&amp;gt;&lt;/td&gt;
                            &lt;td&gt;.button.button-primary[href$="doar"]&lt;/td&gt;
                        &lt;/tr&gt;
                    &lt;/table&gt;
                    </msg>
<status status="PASS" starttime="20220112 21:33:16.738" endtime="20220112 21:33:16.739"/>
</kw>
<kw name="Close All Browsers" library="SeleniumLibrary" type="TEARDOWN">
<doc>Closes all open browsers and resets the browser cache.</doc>
<status status="PASS" starttime="20220112 21:33:16.739" endtime="20220112 21:33:16.824"/>
</kw>
<status status="PASS" starttime="20220112 21:33:13.307" endtime="20220112 21:33:16.825"/>
</test>
<test id="s1-t4" name="Default Check Fail">
<kw name="Open Browser" library="SeleniumLibrary">
<arg>https://retrospective-twitter.web.app/</arg>
<arg>chrome</arg>
<doc>Opens a new browser instance to the optional ``url``.</doc>
<msg timestamp="20220112 21:33:16.828" level="INFO">Opening browser 'chrome' to base url 'https://retrospective-twitter.web.app/'.</msg>
<status status="PASS" starttime="20220112 21:33:16.827" endtime="20220112 21:33:20.872"/>
</kw>
<kw name="Wait Until Page Contains" library="SeleniumLibrary">
<arg>Faça o login com a sua conta do twitter</arg>
<doc>Waits until ``text`` appears on the current page.</doc>
<status status="PASS" starttime="20220112 21:33:20.873" endtime="20220112 21:33:20.895"/>
</kw>
<kw name="Check For Accessibility Issues" library="RobotAxeLibrary">
<doc>Executes accessibility tests in the current page and write the issues into the file pass in report_file variable. Return report, results and self.result
With this keyword you can pass the type of issues, rules and wcag levels you want to search, also you can filter out specific elements from the page</doc>
<status status="PASS" starttime="20220112 21:33:20.895" endtime="20220112 21:33:21.221"/>
</kw>
<kw name="Should Not Exceed Maximum Issues" library="RobotAxeLibrary">
<arg>1</arg>
<doc>Return an error if count_issues &gt; maxAcceptableIssues</doc>
<msg timestamp="20220112 21:33:21.222" level="INFO">You have 3 issues</msg>
<msg timestamp="20220112 21:33:21.222" level="INFO" html="true">
                    &lt;style&gt;
                        #demo table, #demo th, #demo td{
                            border: 1px dotted black;
                            border-collapse: collapse;
                            table-layout: auto;
                        }
                    &lt;/style&gt;
                
                 &lt;table id="demo" style="width:100%"&gt;
                    &lt;tr&gt;
                        &lt;th style="width:10%"&gt;Violation id&lt;/th&gt;
                        &lt;th style="width:50%"&gt;Violation&lt;/th&gt;
                        &lt;th style="width:5%"&gt;How to fix&lt;/th&gt;
                        &lt;th style="width:7%"&gt;Impact&lt;/th&gt;
                        &lt;th&gt;Tags&lt;/th&gt;
                    &lt;/tr&gt;
                    &lt;tr&gt;
                        &lt;td style="text-align:center"&gt;color-contrast&lt;/td&gt;
                        &lt;td&gt;Ensures the contrast between foreground and background colors meets WCAG 2 AA contrast ratio thresholds&lt;/td&gt;
                        &lt;td style="text-align:center"&gt;&lt;a href="https://dequeuniversity.com/rules/axe/3.1/color-contrast?application=axeAPI"&gt;Link&lt;/a&gt;&lt;/td&gt;
                        &lt;td style="text-align:center"&gt;serious&lt;/td&gt;
                        &lt;td style="text-align:center"&gt;['cat.color', 'wcag2aa', 'wcag143']&lt;/td&gt;
                    &lt;/tr&gt;
                &lt;/table&gt;
                </msg>
<msg timestamp="20220112 21:33:21.222" level="INFO" html="true">
                        &lt;style&gt;
                            #demo table, #demo th, #demo td{
                                border: 1px dotted black;
                                border-collapse: collapse;
                                table-layout: auto;
                            }
                        &lt;/style&gt;
                    
                    &lt;table id="demo" style="width:100%"&gt;
                        &lt;tr&gt;
                            &lt;th style="width:10%"&gt;Violation id&lt;/th&gt;
                            &lt;th&gt;Issue&lt;/th&gt;
                            &lt;th style="width:20%"&gt;html&lt;/th&gt;
                            &lt;th style="width:20%"&gt;target&lt;/th&gt;
                        &lt;/tr&gt;
                        &lt;tr&gt;
                            &lt;td style="text-align:center"&gt;color-contrast&lt;/td&gt;
                            &lt;td&gt;Element has insufficient color contrast of 3.28 (foreground color: #5658dd, background color: #151719, font size: 15.0pt, font weight: normal). Expected contrast ratio of 4.5:1&lt;/td&gt;
                            &lt;td&gt;&amp;lt;span class="text-color-primary"&amp;gt; modo público (não pode estar fechado)&amp;lt;/span&amp;gt;&lt;/td&gt;
                            &lt;td&gt;.mb-32.m-0:nth-child(1) &gt; .text-color-primary&lt;/td&gt;
                        &lt;/tr&gt;
                    &lt;/table&gt;
                    </msg>
<msg timestamp="20220112 21:33:21.223" level="INFO" html="true">
                        &lt;style&gt;
                            #demo table, #demo th, #demo td{
                                border: 1px dotted black;
                                border-collapse: collapse;
                                table-layout: auto;
                            }
                        &lt;/style&gt;
                    
                    &lt;table id="demo" style="width:100%"&gt;
                        &lt;tr&gt;
                            &lt;th style="width:10%"&gt;Violation id&lt;/th&gt;
                            &lt;th&gt;Issue&lt;/th&gt;
                            &lt;th style="width:20%"&gt;html&lt;/th&gt;
                            &lt;th style="width:20%"&gt;target&lt;/th&gt;
                        &lt;/tr&gt;
                        &lt;tr&gt;
                            &lt;td style="text-align:center"&gt;color-contrast&lt;/td&gt;
                            &lt;td&gt;Element has insufficient color contrast of 3.77 (foreground color: #eceded, background color: #6163ff, font size: 12.0pt, font weight: bold). Expected contrast ratio of 4.5:1&lt;/td&gt;
                            &lt;td&gt;&amp;lt;a class="button button-primary button-wide-mobile"&amp;gt;Fazer Login com Twitter&amp;lt;/a&amp;gt;&lt;/td&gt;
                            &lt;td&gt;.button-wide-mobile&lt;/td&gt;
                        &lt;/tr&gt;
                    &lt;/table&gt;
                    </msg>
<msg timestamp="20220112 21:33:21.223" level="INFO" html="true">
                        &lt;style&gt;
                            #demo table, #demo th, #demo td{
                                border: 1px dotted black;
                                border-collapse: collapse;
                                table-layout: auto;
                            }
                        &lt;/style&gt;
                    
                    &lt;table id="demo" style="width:100%"&gt;
                        &lt;tr&gt;
                            &lt;th style="width:10%"&gt;Violation id&lt;/th&gt;
                            &lt;th&gt;Issue&lt;/th&gt;
                            &lt;th style="width:20%"&gt;html&lt;/th&gt;
                            &lt;th style="width:20%"&gt;target&lt;/th&gt;
                        &lt;/tr&gt;
                        &lt;tr&gt;
                            &lt;td style="text-align:center"&gt;color-contrast&lt;/td&gt;
                            &lt;td&gt;Element has insufficient color contrast of 3.77 (foreground color: #eceded, background color: #6163ff, font size: 12.0pt, font weight: bold). Expected contrast ratio of 4.5:1&lt;/td&gt;
                            &lt;td&gt;&amp;lt;a href="/doar" class="button button-primary"&amp;gt;DOAR&amp;lt;/a&amp;gt;&lt;/td&gt;
                            &lt;td&gt;.button.button-primary[href$="doar"]&lt;/td&gt;
                        &lt;/tr&gt;
                    &lt;/table&gt;
                    </msg>
<msg timestamp="20220112 21:33:21.224" level="FAIL">You have 3 issues and you just accept 1</msg>
<status status="FAIL" starttime="20220112 21:33:21.222" endtime="20220112 21:33:21.224"/>
</kw>
<kw name="Close All Browsers" library="SeleniumLibrary" type="TEARDOWN">
<doc>Closes all open browsers and resets the browser cache.</doc>
<status status="PASS" starttime="20220112 21:33:21.226" endtime="20220112 21:33:21.356"/>
</kw>
<status status="FAIL" starttime="20220112 21:33:16.826" endtime="20220112 21:33:21.356">You have 3 issues and you just accept 1</status>
</test>
<test id="s1-t5" name="Ignore targets">
<kw name="Open Browser" library="SeleniumLibrary">
<arg>https://retrospective-twitter.web.app/</arg>
<arg>chrome</arg>
<doc>Opens a new browser instance to the optional ``url``.</doc>
<msg timestamp="20220112 21:33:21.358" level="INFO">Opening browser 'chrome' to base url 'https://retrospective-twitter.web.app/'.</msg>
<status status="PASS" starttime="20220112 21:33:21.358" endtime="20220112 21:33:24.602"/>
</kw>
<kw name="Wait Until Page Contains" library="SeleniumLibrary">
<arg>Faça o login com a sua conta do twitter</arg>
<doc>Waits until ``text`` appears on the current page.</doc>
<status status="PASS" starttime="20220112 21:33:24.603" endtime="20220112 21:33:24.619"/>
</kw>
<kw name="Log" library="BuiltIn">
<arg>${ignore_targets}</arg>
<doc>Logs the given message with the given level.</doc>
<msg timestamp="20220112 21:33:24.620" level="INFO">['.mb-32.m-0:nth-child(1) &gt; .text-color-primary', '.button-wide-mobile', '.button.button-primary[href$="doar"]']</msg>
<status status="PASS" starttime="20220112 21:33:24.619" endtime="20220112 21:33:24.620"/>
</kw>
<kw name="Check For Accessibility Issues" library="RobotAxeLibrary">
<arg>ignore_targets=${ignore_targets}</arg>
<doc>Executes accessibility tests in the current page and write the issues into the file pass in report_file variable. Return report, results and self.result
With this keyword you can pass the type of issues, rules and wcag levels you want to search, also you can filter out specific elements from the page</doc>
<msg timestamp="20220112 21:33:24.621" level="INFO">Ignoring elements target: ['.mb-32.m-0:nth-child(1) &gt; .text-color-primary', '.button-wide-mobile', '.button.button-primary[href$="doar"]']</msg>
<status status="PASS" starttime="20220112 21:33:24.620" endtime="20220112 21:33:24.859"/>
</kw>
<kw name="Should Not Exceed Maximum Issues" library="RobotAxeLibrary">
<arg>2</arg>
<doc>Return an error if count_issues &gt; maxAcceptableIssues</doc>
<msg timestamp="20220112 21:33:24.860" level="INFO">You have 0 issues</msg>
<status status="PASS" starttime="20220112 21:33:24.860" endtime="20220112 21:33:24.860"/>
</kw>
<kw name="Close All Browsers" library="SeleniumLibrary" type="TEARDOWN">
<doc>Closes all open browsers and resets the browser cache.</doc>
<status status="PASS" starttime="20220112 21:33:24.860" endtime="20220112 21:33:24.982"/>
</kw>
<status status="PASS" starttime="20220112 21:33:21.357" endtime="20220112 21:33:24.982"/>
</test>
<test id="s1-t6" name="Ignore htmls">
<kw name="Open Browser" library="SeleniumLibrary">
<arg>https://retrospective-twitter.web.app/</arg>
<arg>chrome</arg>
<doc>Opens a new browser instance to the optional ``url``.</doc>
<msg timestamp="20220112 21:33:24.984" level="INFO">Opening browser 'chrome' to base url 'https://retrospective-twitter.web.app/'.</msg>
<status status="PASS" starttime="20220112 21:33:24.984" endtime="20220112 21:33:27.965"/>
</kw>
<kw name="Wait Until Page Contains" library="SeleniumLibrary">
<arg>Faça o login com a sua conta do twitter</arg>
<doc>Waits until ``text`` appears on the current page.</doc>
<status status="PASS" starttime="20220112 21:33:27.966" endtime="20220112 21:33:27.981"/>
</kw>
<kw name="Log" library="BuiltIn">
<arg>${ignore_htmls}</arg>
<doc>Logs the given message with the given level.</doc>
<msg timestamp="20220112 21:33:27.982" level="INFO">['&lt;a href="/doar" class="button button-primary"&gt;DOAR&lt;/a&gt;']</msg>
<status status="PASS" starttime="20220112 21:33:27.981" endtime="20220112 21:33:27.982"/>
</kw>
<kw name="Check For Accessibility Issues" library="RobotAxeLibrary">
<arg>ignore_htmls=${ignore_htmls}</arg>
<doc>Executes accessibility tests in the current page and write the issues into the file pass in report_file variable. Return report, results and self.result
With this keyword you can pass the type of issues, rules and wcag levels you want to search, also you can filter out specific elements from the page</doc>
<msg timestamp="20220112 21:33:27.982" level="INFO">Ignoring elements html: ['&lt;a href="/doar" class="button button-primary"&gt;DOAR&lt;/a&gt;']</msg>
<status status="PASS" starttime="20220112 21:33:27.982" endtime="20220112 21:33:28.247"/>
</kw>
<kw name="Should Not Exceed Maximum Issues" library="RobotAxeLibrary">
<arg>3</arg>
<doc>Return an error if count_issues &gt; maxAcceptableIssues</doc>
<msg timestamp="20220112 21:33:28.247" level="INFO">You have 2 issues</msg>
<msg timestamp="20220112 21:33:28.247" level="INFO" html="true">
                    &lt;style&gt;
                        #demo table, #demo th, #demo td{
                            border: 1px dotted black;
                            border-collapse: collapse;
                            table-layout: auto;
                        }
                    &lt;/style&gt;
                
                 &lt;table id="demo" style="width:100%"&gt;
                    &lt;tr&gt;
                        &lt;th style="width:10%"&gt;Violation id&lt;/th&gt;
                        &lt;th style="width:50%"&gt;Violation&lt;/th&gt;
                        &lt;th style="width:5%"&gt;How to fix&lt;/th&gt;
                        &lt;th style="width:7%"&gt;Impact&lt;/th&gt;
                        &lt;th&gt;Tags&lt;/th&gt;
                    &lt;/tr&gt;
                    &lt;tr&gt;
                        &lt;td style="text-align:center"&gt;color-contrast&lt;/td&gt;
                        &lt;td&gt;Ensures the contrast between foreground and background colors meets WCAG 2 AA contrast ratio thresholds&lt;/td&gt;
                        &lt;td style="text-align:center"&gt;&lt;a href="https://dequeuniversity.com/rules/axe/3.1/color-contrast?application=axeAPI"&gt;Link&lt;/a&gt;&lt;/td&gt;
                        &lt;td style="text-align:center"&gt;serious&lt;/td&gt;
                        &lt;td style="text-align:center"&gt;['cat.color', 'wcag2aa', 'wcag143']&lt;/td&gt;
                    &lt;/tr&gt;
                &lt;/table&gt;
                </msg>
<msg timestamp="20220112 21:33:28.248" level="INFO" html="true">
                        &lt;style&gt;
                            #demo table, #demo th, #demo td{
                                border: 1px dotted black;
                                border-collapse: collapse;
                                table-layout: auto;
                            }
                        &lt;/style&gt;
                    
                    &lt;table id="demo" style="width:100%"&gt;
                        &lt;tr&gt;
                            &lt;th style="width:10%"&gt;Violation id&lt;/th&gt;
                            &lt;th&gt;Issue&lt;/th&gt;
                            &lt;th style="width:20%"&gt;html&lt;/th&gt;
                            &lt;th style="width:20%"&gt;target&lt;/th&gt;
                        &lt;/tr&gt;
                        &lt;tr&gt;
                            &lt;td style="text-align:center"&gt;color-contrast&lt;/td&gt;
                            &lt;td&gt;Element has insufficient color contrast of 3.28 (foreground color: #5658dd, background color: #151719, font size: 15.0pt, font weight: normal). Expected contrast ratio of 4.5:1&lt;/td&gt;
                            &lt;td&gt;&amp;lt;span class="text-color-primary"&amp;gt; modo público (não pode estar fechado)&amp;lt;/span&amp;gt;&lt;/td&gt;
                            &lt;td&gt;.mb-32.m-0:nth-child(1) &gt; .text-color-primary&lt;/td&gt;
                        &lt;/tr&gt;
                    &lt;/table&gt;
                    </msg>
<msg timestamp="20220112 21:33:28.248" level="INFO" html="true">
                        &lt;style&gt;
                            #demo table, #demo th, #demo td{
                                border: 1px dotted black;
                                border-collapse: collapse;
                                table-layout: auto;
                            }
                        &lt;/style&gt;
                    
                    &lt;table id="demo" style="width:100%"&gt;
                        &lt;tr&gt;
                            &lt;th style="width:10%"&gt;Violation id&lt;/th&gt;
                            &lt;th&gt;Issue&lt;/th&gt;
                            &lt;th style="width:20%"&gt;html&lt;/th&gt;
                            &lt;th style="width:20%"&gt;target&lt;/th&gt;
                        &lt;/tr&gt;
                        &lt;tr&gt;
                            &lt;td style="text-align:center"&gt;color-contrast&lt;/td&gt;
                            &lt;td&gt;Element has insufficient color contrast of 3.77 (foreground color: #eceded, background color: #6163ff, font size: 12.0pt, font weight: bold). Expected contrast ratio of 4.5:1&lt;/td&gt;
                            &lt;td&gt;&amp;lt;a class="button button-primary button-wide-mobile"&amp;gt;Fazer Login com Twitter&amp;lt;/a&amp;gt;&lt;/td&gt;
                            &lt;td&gt;.button-wide-mobile&lt;/td&gt;
                        &lt;/tr&gt;
                    &lt;/table&gt;
                    </msg>
<status status="PASS" starttime="20220112 21:33:28.247" endtime="20220112 21:33:28.248"/>
</kw>
<kw name="Close All Browsers" library="SeleniumLibrary" type="TEARDOWN">
<doc>Closes all open browsers and resets the browser cache.</doc>
<status status="PASS" starttime="20220112 21:33:28.248" endtime="20220112 21:33:28.372"/>
</kw>
<status status="PASS" starttime="20220112 21:33:24.983" endtime="20220112 21:33:28.372"/>
</test>
<status status="FAIL" starttime="20220112 21:33:05.417" endtime="20220112 21:33:28.373"/>
</suite>
<statistics>
<total>
<stat pass="4" fail="2" skip="0">All Tests</stat>
</total>
<tag>
</tag>
<suite>
<stat pass="4" fail="2" skip="0" id="s1" name="Tests">Tests</stat>
</suite>
</statistics>
<errors>
</errors>
</robot>
